生成启动时间为 2019/11/4 11:51:09。
     1>项目“E:\Test11_1\MyCode\11_4\11_4\11_4.vcxproj”在节点 2 上(build 个目标)。
     1>PrepareForBuild:
         正在创建目录“E:\Test11_1\MyCode\11_4\x64\Debug\”。
       InitializeBuildStatus:
         正在创建“x64\Debug\11_4.unsuccessfulbuild”，因为已指定“AlwaysCreate”。
       ClCompile:
         D:\下载软件\VC\bin\x86_amd64\CL.exe /c /Zi /nologo /W3 /WX- /Od /D _MBCS /Gm /EHsc /RTC1 /MDd /GS /fp:precise /Zc:wchar_t /Zc:forScope /Fo"x64\Debug\\" /Fd"x64\Debug\vc100.pdb" /Gd /TC /errorReport:prompt test.c
         test.c
       Link:
         D:\下载软件\VC\bin\x86_amd64\link.exe /ERRORREPORT:PROMPT /OUT:"E:\Test11_1\MyCode\11_4\x64\Debug\11_4.exe" /NOLOGO kernel32.lib user32.lib gdi32.lib winspool.lib comdlg32.lib advapi32.lib shell32.lib ole32.lib oleaut32.lib uuid.lib odbc32.lib odbccp32.lib /MANIFEST /ManifestFile:"x64\Debug\11_4.exe.intermediate.manifest" /MANIFESTUAC:"level='asInvoker' uiAccess='false'" /DEBUG /PDB:"E:\Test11_1\MyCode\11_4\x64\Debug\11_4.pdb" /SUBSYSTEM:CONSOLE /TLBID:1 /DYNAMICBASE /NXCOMPAT /IMPLIB:"E:\Test11_1\MyCode\11_4\x64\Debug\11_4.lib" /MACHINE:X64 x64\Debug\test.obj
         11_4.vcxproj -> E:\Test11_1\MyCode\11_4\x64\Debug\11_4.exe
       Manifest:
         C:\Program Files (x86)\Microsoft SDKs\Windows\v7.0A\bin\mt.exe /nologo /verbose /outputresource:"E:\Test11_1\MyCode\11_4\x64\Debug\11_4.exe;#1" /manifest x64\Debug\11_4.exe.intermediate.manifest
       FinalizeBuildStatus:
         正在删除文件“x64\Debug\11_4.unsuccessfulbuild”。
         正在对“x64\Debug\11_4.lastbuildstate”执行 Touch 任务。
     1>已完成生成项目“E:\Test11_1\MyCode\11_4\11_4\11_4.vcxproj”(build 个目标)的操作。

生成成功。

已用时间 00:00:03.45
